<?xml version="1.0" encoding="UTF-8"?>
<!-- Generated by org.testng.reporters.JUnitXMLReporter -->
<testsuite ignored="0" hostname="DESKTOP-LULIMPB" failures="1" tests="1" name="OCHO API Automation" time="21.864" errors="0" timestamp="2023-08-21T20:12:47 IST">
  <testcase classname="RunnerPackage.TestMainClass" name="MainMethod" time="21.682">
    <failure type="java.lang.AssertionError" message="The following asserts failed:
	New Plans is NOT Working expected [200] but found [400],
	New Message is NOT Working expected [200] but found [400],
	Get Mesage is NOT Working expected [200] but found [400],
	get Plan Document is NOT Working expected [200] but found [400],
	Get Optimization is NOT Working expected [200] but found [400]">
      <![CDATA[java.lang.AssertionError: The following asserts failed:
New Plans is NOT Working expected [200] but found [400],
New Message is NOT Working expected [200] but found [400],
Get Mesage is NOT Working expected [200] but found [400],
get Plan Document is NOT Working expected [200] but found [400],
Get Optimization is NOT Working expected [200] but found [400]
at Pages.APIMethods.AssertionCalling(APIMethods.java:415)
at RunnerPackage.TestMainClass.MainMethod(TestMainClass.java:30)
at java.base/java.util.ArrayList.forEach(ArrayList.java:1511)
... Removed 29 stack frames]]>
    </failure>
  </testcase> <!-- MainMethod -->
</testsuite> <!-- OCHO API Automation -->
